<?xml version="1.0" encoding="UTF-8"?>
<!-- Generated by org.testng.reporters.JUnitXMLReporter -->
<testsuite ignored="0" hostname="magar" failures="0" tests="2" name="Surefire test" time="0.044" errors="0" timestamp="2024-01-26T21:33:02 COT">
  <testcase classname="APIRestServiceTest" name="storedinCache_Should_ReturnFalse_When_MovieNotInCache on storedinCache_Should_ReturnFalse_When_MovieNotInCache(APIRestServiceTest)" time="0.009"/>
  <testcase classname="APIRestServiceTest" name="getMovie_Should_ShowMovieInformation_When_MovieInCache on getMovie_Should_ShowMovieInformation_When_MovieInCache(APIRestServiceTest)" time="0.009"/>
</testsuite> <!-- Surefire test -->
