<?xml version="1.0" encoding="UTF-8"?>
<testsuite xmlns:xsi="http://www.w3.org/2001/XMLSchema-instance" xsi:noNamespaceSchemaLocation="https://maven.apache.org/surefire/maven-surefire-plugin/xsd/surefire-test-report-3.0.xsd" version="3.0" name="APIRestServiceTest" time="0.202" tests="2" errors="0" skipped="0" failures="0">
  <properties>
[...]
</properties>
  <testcase name="storedinCache_Should_ReturnFalse_When_MovieNotInCache on storedinCache_Should_ReturnFalse_When_MovieNotInCache(APIRestServiceTest)" classname="APIRestServiceTest" time="0.003"/>
  <testcase name="getMovie_Should_ShowMovieInformation_When_MovieInCache on getMovie_Should_ShowMovieInformation_When_MovieInCache(APIRestServiceTest)" classname="APIRestServiceTest" time="0.0"/>
</testsuite>